

Started GET "/lessons" for 127.0.0.1 at 2014-12-01 18:03:53 -0500
  [1m[36mActiveRecord::SchemaMigration Load (0.2ms)[0m  [1mSELECT "schema_migrations".* FROM "schema_migrations"[0m
Processing by LessonsController#index as HTML
  [1m[35mLesson Load (0.2ms)[0m  SELECT "lessons".* FROM "lessons"  WHERE "lessons"."g1_3" = 't' AND ("lessons"."starts_at" < '2014-12-01') AND ("lessons"."end_date" > '2014-11-29') AND ("lessons"."starts_at" BETWEEN '2014-11-30 05:00:00.000000' AND '2014-12-01 04:59:59.999999')  ORDER BY "lessons"."starts_at" ASC
  [1m[36mLesson Load (0.2ms)[0m  [1mSELECT * FROM "lessons"  
												WHERE ("lessons"."g1_3" = 't' 
													AND ("lessons"."start_date" < '2014-12-02') 
													AND ("lessons"."start_date" > '2014-11-30') 
														OR ("lessons"."mon" = 't'))
												ORDER BY TIME("lessons"."starts_at")[0m
  [1m[35mLesson Load (0.2ms)[0m  SELECT * FROM "lessons"  
												WHERE ("lessons"."g1_3" = 't' 
													AND ("lessons"."start_date" < '2014-12-03') 
													AND ("lessons"."start_date" > '2014-12-01') 
														OR ("lessons"."tue" = 't'))
												ORDER BY TIME("lessons"."starts_at")
  [1m[36mLesson Load (0.2ms)[0m  [1mSELECT * FROM "lessons"  
												WHERE ("lessons"."g1_3" = 't' 
													AND ("lessons"."start_date" < '2014-12-04') 
													AND ("lessons"."start_date" > '2014-12-02') 
														OR ("lessons"."wed" = 't'))
												ORDER BY TIME("lessons"."starts_at")[0m
  [1m[35mLesson Load (0.1ms)[0m  SELECT * FROM "lessons"  
												WHERE ("lessons"."g1_3" = 't' 
													AND ("lessons"."start_date" < '2014-12-05') 
													AND ("lessons"."start_date" > '2014-12-03') 
														OR ("lessons"."thu" = 't'))
												ORDER BY TIME("lessons"."starts_at")
  [1m[36mLesson Load (0.1ms)[0m  [1mSELECT * FROM "lessons"  
												WHERE ("lessons"."g1_3" = 't' 
													AND ("lessons"."start_date" < '2014-12-06') 
													AND ("lessons"."start_date" > '2014-12-04') 
														OR ("lessons"."fri" = 't'))
												ORDER BY TIME("lessons"."starts_at")[0m
  [1m[35mLesson Load (0.2ms)[0m  SELECT "lessons".* FROM "lessons"  WHERE "lessons"."g1_3" = 't' AND ("lessons"."starts_at" < '2014-12-07') AND ("lessons"."end_date" > '2014-12-05') AND ("lessons"."starts_at" BETWEEN '2014-12-06 05:00:00.000000' AND '2014-12-07 04:59:59.999999')  ORDER BY "lessons"."starts_at" ASC
  [1m[36mLesson Load (0.2ms)[0m  [1mSELECT "lessons".* FROM "lessons"  WHERE "lessons"."g3_5" = 't' AND ("lessons"."starts_at" < '2014-12-01') AND ("lessons"."end_date" > '2014-11-29') AND ("lessons"."starts_at" BETWEEN '2014-11-30 05:00:00.000000' AND '2014-12-01 04:59:59.999999')  ORDER BY "lessons"."starts_at" ASC[0m
  [1m[35mLesson Load (0.2ms)[0m  SELECT * FROM "lessons"  
												WHERE ("lessons"."g3_5" = 't' 
													AND ("lessons"."start_date" < '2014-12-02') 
													AND ("lessons"."start_date" > '2014-11-30') 
														OR ("lessons"."mon" = 't'))
												ORDER BY TIME("lessons"."starts_at")
  [1m[36mLesson Load (0.1ms)[0m  [1mSELECT * FROM "lessons"  
												WHERE ("lessons"."g3_5" = 't' 
													AND ("lessons"."start_date" < '2014-12-03') 
													AND ("lessons"."start_date" > '2014-12-01') 
														OR ("lessons"."tue" = 't'))
												ORDER BY TIME("lessons"."starts_at")[0m
  [1m[35mLesson Load (0.2ms)[0m  SELECT * FROM "lessons"  
												WHERE ("lessons"."g3_5" = 't' 
													AND ("lessons"."start_date" < '2014-12-04') 
													AND ("lessons"."start_date" > '2014-12-02') 
														OR ("lessons"."wed" = 't'))
												ORDER BY TIME("lessons"."starts_at")
  [1m[36mLesson Load (0.2ms)[0m  [1mSELECT * FROM "lessons"  
												WHERE ("lessons"."g3_5" = 't' 
													AND ("lessons"."start_date" < '2014-12-05') 
													AND ("lessons"."start_date" > '2014-12-03') 
														OR ("lessons"."thu" = 't'))
												ORDER BY TIME("lessons"."starts_at")[0m
  [1m[35mLesson Load (0.1ms)[0m  SELECT * FROM "lessons"  
												WHERE ("lessons"."g3_5" = 't' 
													AND ("lessons"."start_date" < '2014-12-06') 
													AND ("lessons"."start_date" > '2014-12-04') 
														OR ("lessons"."fri" = 't'))
												ORDER BY TIME("lessons"."starts_at")
  [1m[36mLesson Load (0.1ms)[0m  [1mSELECT "lessons".* FROM "lessons"  WHERE "lessons"."g3_5" = 't' AND ("lessons"."starts_at" < '2014-12-07') AND ("lessons"."end_date" > '2014-12-05') AND ("lessons"."starts_at" BETWEEN '2014-12-06 05:00:00.000000' AND '2014-12-07 04:59:59.999999')  ORDER BY "lessons"."starts_at" ASC[0m
  [1m[35mLesson Load (0.2ms)[0m  SELECT "lessons".* FROM "lessons"  WHERE "lessons"."g6_8" = 't' AND ("lessons"."starts_at" < '2014-12-01') AND ("lessons"."end_date" > '2014-11-29') AND ("lessons"."starts_at" BETWEEN '2014-11-30 05:00:00.000000' AND '2014-12-01 04:59:59.999999')  ORDER BY "lessons"."starts_at" ASC
  [1m[36mLesson Load (0.2ms)[0m  [1mSELECT * FROM "lessons"  
												WHERE ("lessons"."g6_8" = 't' 
													AND ("lessons"."start_date" < '2014-12-02') 
													AND ("lessons"."start_date" > '2014-11-30') 
														OR ("lessons"."mon" = 't'))
												ORDER BY TIME("lessons"."starts_at")[0m
  [1m[35mLesson Load (0.2ms)[0m  SELECT * FROM "lessons"  
												WHERE ("lessons"."g6_8" = 't' 
													AND ("lessons"."start_date" < '2014-12-03') 
													AND ("lessons"."start_date" > '2014-12-01') 
														OR ("lessons"."tue" = 't'))
												ORDER BY TIME("lessons"."starts_at")
  [1m[36mLesson Load (0.2ms)[0m  [1mSELECT * FROM "lessons"  
												WHERE ("lessons"."g6_8" = 't' 
													AND ("lessons"."start_date" < '2014-12-04') 
													AND ("lessons"."start_date" > '2014-12-02') 
														OR ("lessons"."wed" = 't'))
												ORDER BY TIME("lessons"."starts_at")[0m
  [1m[35mLesson Load (0.1ms)[0m  SELECT * FROM "lessons"  
												WHERE ("lessons"."g6_8" = 't' 
													AND ("lessons"."start_date" < '2014-12-05') 
													AND ("lessons"."start_date" > '2014-12-03') 
														OR ("lessons"."thu" = 't'))
												ORDER BY TIME("lessons"."starts_at")
  [1m[36mLesson Load (0.2ms)[0m  [1mSELECT * FROM "lessons"  
												WHERE ("lessons"."g6_8" = 't' 
													AND ("lessons"."start_date" < '2014-12-06') 
													AND ("lessons"."start_date" > '2014-12-04') 
														OR ("lessons"."fri" = 't'))
												ORDER BY TIME("lessons"."starts_at")[0m
  [1m[35mLesson Load (0.2ms)[0m  SELECT "lessons".* FROM "lessons"  WHERE "lessons"."g6_8" = 't' AND ("lessons"."starts_at" < '2014-12-07') AND ("lessons"."end_date" > '2014-12-05') AND ("lessons"."starts_at" BETWEEN '2014-12-06 05:00:00.000000' AND '2014-12-07 04:59:59.999999')  ORDER BY "lessons"."starts_at" ASC
  Rendered lessons/_tri_cal.html.erb (47.7ms)
  Rendered lessons/index.html.erb within layouts/application (53.0ms)
Completed 200 OK in 167ms (Views: 148.4ms | ActiveRecord: 3.7ms)


Started GET "/assets/lessons.css?body=1" for 127.0.0.1 at 2014-12-01 18:03:53 -0500


Started GET "/assets/classrooms.css?body=1" for 127.0.0.1 at 2014-12-01 18:03:53 -0500


Started GET "/assets/jquery.js?body=1" for 127.0.0.1 at 2014-12-01 18:03:53 -0500


Started GET "/assets/scaffolds.css?body=1" for 127.0.0.1 at 2014-12-01 18:03:53 -0500


Started GET "/assets/application.css?body=1" for 127.0.0.1 at 2014-12-01 18:03:53 -0500


Started GET "/assets/jquery_ujs.js?body=1" for 127.0.0.1 at 2014-12-01 18:03:53 -0500


Started GET "/assets/turbolinks.js?body=1" for 127.0.0.1 at 2014-12-01 18:03:53 -0500


Started GET "/assets/classrooms.js?body=1" for 127.0.0.1 at 2014-12-01 18:03:53 -0500


Started GET "/assets/lessons.js?body=1" for 127.0.0.1 at 2014-12-01 18:03:53 -0500


Started GET "/assets/application.js?body=1" for 127.0.0.1 at 2014-12-01 18:03:53 -0500


Started GET "/lessons/1" for 127.0.0.1 at 2014-12-01 18:03:55 -0500
Processing by LessonsController#show as HTML
  Parameters: {"id"=>"1"}
  [1m[36mLesson Load (0.2ms)[0m  [1mSELECT  "lessons".* FROM "lessons"  WHERE "lessons"."id" = ? LIMIT 1[0m  [["id", 1]]
  Rendered lessons/show.html.erb within layouts/application (1.5ms)
Completed 200 OK in 42ms (Views: 39.9ms | ActiveRecord: 0.2ms)


Started GET "/lessons/1/edit" for 127.0.0.1 at 2014-12-01 18:03:56 -0500
Processing by LessonsController#edit as HTML
  Parameters: {"id"=>"1"}
  [1m[35mLesson Load (0.1ms)[0m  SELECT  "lessons".* FROM "lessons"  WHERE "lessons"."id" = ? LIMIT 1  [["id", 1]]
  [1m[36mClassroom Load (0.2ms)[0m  [1mSELECT "classrooms".* FROM "classrooms"[0m
  Rendered lessons/_form.html.erb (23.5ms)
  Rendered lessons/edit.html.erb within layouts/application (25.2ms)
Completed 200 OK in 81ms (Views: 69.3ms | ActiveRecord: 0.5ms)


Started GET "/classroom/available" for 127.0.0.1 at 2014-12-01 18:04:00 -0500
Processing by ClassroomsController#available as HTML
  [1m[35mClassroom Load (0.2ms)[0m  SELECT "classrooms".* FROM "classrooms"
  Rendered classrooms/available.html.erb within layouts/application (5.1ms)
Completed 200 OK in 91ms (Views: 89.8ms | ActiveRecord: 0.2ms)


Started GET "/assets/classrooms.css?body=1" for 127.0.0.1 at 2014-12-01 18:04:38 -0500


Started GET "/assets/lessons.css?body=1" for 127.0.0.1 at 2014-12-01 18:04:38 -0500


Started GET "/assets/scaffolds.css?body=1" for 127.0.0.1 at 2014-12-01 18:04:38 -0500


Started GET "/assets/application.css?body=1" for 127.0.0.1 at 2014-12-01 18:04:38 -0500


Started GET "/" for 127.0.0.1 at 2014-12-01 23:08:39 -0500
  [1m[36mActiveRecord::SchemaMigration Load (0.8ms)[0m  [1mSELECT "schema_migrations".* FROM "schema_migrations"[0m
Processing by LessonsController#index as HTML
Redirected to http://localhost:3000/lessons?start_date=2014-11-30
Completed 302 Found in 42ms (ActiveRecord: 0.0ms)


Started GET "/lessons?start_date=2014-11-30" for 127.0.0.1 at 2014-12-01 23:08:40 -0500
Processing by LessonsController#index as HTML
  Parameters: {"start_date"=>"2014-11-30"}
  [1m[35mLesson Load (0.6ms)[0m  SELECT "lessons".* FROM "lessons"  WHERE "lessons"."g1_3" = 't' AND ("lessons"."start_date" < '2014-12-01') AND ("lessons"."end_date" > '2014-11-29') AND ("lessons"."start_date" BETWEEN '2014-11-30 05:00:00.000000' AND '2014-12-01 04:59:59.999999')  ORDER BY "lessons"."starts_at" ASC
  [1m[36mLesson Load (0.2ms)[0m  [1mSELECT * FROM "lessons"  
												WHERE ("lessons"."g1_3" = 't' 
														AND ("lessons"."start_date" < '2014-12-02') 
														AND ("lessons"."end_date" > '2014-11-30'))
													AND ("lessons"."start_date" == 2014-12-01
														OR "lessons"."mon" = 't')
												ORDER BY TIME("lessons"."starts_at")[0m
  [1m[35mClassroom Load (0.5ms)[0m  SELECT "classrooms".* FROM "classrooms"  WHERE "classrooms"."name" = 'Test A '
  [1m[36mLesson Load (0.2ms)[0m  [1mSELECT * FROM "lessons"  
												WHERE ("lessons"."g1_3" = 't' 
														AND ("lessons"."start_date" < '2014-12-03') 
														AND ("lessons"."end_date" > '2014-12-01'))
													AND ("lessons"."start_date" == 2014-12-02
														OR "lessons"."tue" = 't')
												ORDER BY TIME("lessons"."starts_at")[0m
  [1m[35mLesson Load (0.2ms)[0m  SELECT * FROM "lessons"  
												WHERE ("lessons"."g1_3" = 't' 
														AND ("lessons"."start_date" < '2014-12-04') 
														AND ("lessons"."end_date" > '2014-12-02'))
													AND ("lessons"."start_date" == 2014-12-03
														OR "lessons"."wed" = 't')
												ORDER BY TIME("lessons"."starts_at")
  [1m[36mCACHE (0.0ms)[0m  [1mSELECT "classrooms".* FROM "classrooms"  WHERE "classrooms"."name" = 'Test A '[0m
  [1m[35mLesson Load (0.2ms)[0m  SELECT * FROM "lessons"  
												WHERE ("lessons"."g1_3" = 't' 
														AND ("lessons"."start_date" < '2014-12-05') 
														AND ("lessons"."end_date" > '2014-12-03'))
													AND ("lessons"."start_date" == 2014-12-04
														OR "lessons"."thu" = 't')
												ORDER BY TIME("lessons"."starts_at")
  [1m[36mLesson Load (0.2ms)[0m  [1mSELECT * FROM "lessons"  
												WHERE ("lessons"."g1_3" = 't' 
														AND ("lessons"."start_date" < '2014-12-06') 
														AND ("lessons"."end_date" > '2014-12-04'))
													AND ("lessons"."start_date" == 2014-12-05
														OR "lessons"."fri" = 't')
												ORDER BY TIME("lessons"."starts_at")[0m
  [1m[35mCACHE (0.0ms)[0m  SELECT "classrooms".* FROM "classrooms"  WHERE "classrooms"."name" = 'Test A '
  [1m[36mLesson Load (0.2ms)[0m  [1mSELECT "lessons".* FROM "lessons"  WHERE "lessons"."g1_3" = 't' AND ("lessons"."start_date" < '2014-12-07') AND ("lessons"."end_date" > '2014-12-05') AND ("lessons"."start_date" BETWEEN '2014-12-06 05:00:00.000000' AND '2014-12-07 04:59:59.999999')  ORDER BY "lessons"."starts_at" ASC[0m
  [1m[35mLesson Load (0.2ms)[0m  SELECT "lessons".* FROM "lessons"  WHERE "lessons"."g3_5" = 't' AND ("lessons"."start_date" < '2014-12-01') AND ("lessons"."end_date" > '2014-11-29') AND ("lessons"."start_date" BETWEEN '2014-11-30 05:00:00.000000' AND '2014-12-01 04:59:59.999999')  ORDER BY "lessons"."starts_at" ASC
  [1m[36mLesson Load (0.2ms)[0m  [1mSELECT * FROM "lessons"  
												WHERE ("lessons"."g3_5" = 't' 
														AND ("lessons"."start_date" < '2014-12-02') 
														AND ("lessons"."end_date" > '2014-11-30'))
													AND ("lessons"."start_date" == 2014-12-01
														OR "lessons"."mon" = 't')
												ORDER BY TIME("lessons"."starts_at")[0m
  [1m[35mCACHE (0.0ms)[0m  SELECT "classrooms".* FROM "classrooms"  WHERE "classrooms"."name" = 'Test A '
  [1m[36mLesson Load (0.2ms)[0m  [1mSELECT * FROM "lessons"  
												WHERE ("lessons"."g3_5" = 't' 
														AND ("lessons"."start_date" < '2014-12-03') 
														AND ("lessons"."end_date" > '2014-12-01'))
													AND ("lessons"."start_date" == 2014-12-02
														OR "lessons"."tue" = 't')
												ORDER BY TIME("lessons"."starts_at")[0m
  [1m[35mLesson Load (0.3ms)[0m  SELECT * FROM "lessons"  
												WHERE ("lessons"."g3_5" = 't' 
														AND ("lessons"."start_date" < '2014-12-04') 
														AND ("lessons"."end_date" > '2014-12-02'))
													AND ("lessons"."start_date" == 2014-12-03
														OR "lessons"."wed" = 't')
												ORDER BY TIME("lessons"."starts_at")
  [1m[36mCACHE (0.0ms)[0m  [1mSELECT "classrooms".* FROM "classrooms"  WHERE "classrooms"."name" = 'Test A '[0m
  [1m[35mLesson Load (0.4ms)[0m  SELECT * FROM "lessons"  
												WHERE ("lessons"."g3_5" = 't' 
														AND ("lessons"."start_date" < '2014-12-05') 
														AND ("lessons"."end_date" > '2014-12-03'))
													AND ("lessons"."start_date" == 2014-12-04
														OR "lessons"."thu" = 't')
												ORDER BY TIME("lessons"."starts_at")
  [1m[36mLesson Load (0.3ms)[0m  [1mSELECT * FROM "lessons"  
												WHERE ("lessons"."g3_5" = 't' 
														AND ("lessons"."start_date" < '2014-12-06') 
														AND ("lessons"."end_date" > '2014-12-04'))
													AND ("lessons"."start_date" == 2014-12-05
														OR "lessons"."fri" = 't')
												ORDER BY TIME("lessons"."starts_at")[0m
  [1m[35mLesson Load (0.3ms)[0m  SELECT "lessons".* FROM "lessons"  WHERE "lessons"."g3_5" = 't' AND ("lessons"."start_date" < '2014-12-07') AND ("lessons"."end_date" > '2014-12-05') AND ("lessons"."start_date" BETWEEN '2014-12-06 05:00:00.000000' AND '2014-12-07 04:59:59.999999')  ORDER BY "lessons"."starts_at" ASC
  [1m[36mLesson Load (0.2ms)[0m  [1mSELECT "lessons".* FROM "lessons"  WHERE "lessons"."g6_8" = 't' AND ("lessons"."start_date" < '2014-12-01') AND ("lessons"."end_date" > '2014-11-29') AND ("lessons"."start_date" BETWEEN '2014-11-30 05:00:00.000000' AND '2014-12-01 04:59:59.999999')  ORDER BY "lessons"."starts_at" ASC[0m
  [1m[35mLesson Load (0.2ms)[0m  SELECT * FROM "lessons"  
												WHERE ("lessons"."g6_8" = 't' 
														AND ("lessons"."start_date" < '2014-12-02') 
														AND ("lessons"."end_date" > '2014-11-30'))
													AND ("lessons"."start_date" == 2014-12-01
														OR "lessons"."mon" = 't')
												ORDER BY TIME("lessons"."starts_at")
  [1m[36mCACHE (0.0ms)[0m  [1mSELECT "classrooms".* FROM "classrooms"  WHERE "classrooms"."name" = 'Test A '[0m
  [1m[35mCACHE (0.0ms)[0m  SELECT "classrooms".* FROM "classrooms"  WHERE "classrooms"."name" = 'Test A '
  [1m[36mLesson Load (0.2ms)[0m  [1mSELECT * FROM "lessons"  
												WHERE ("lessons"."g6_8" = 't' 
														AND ("lessons"."start_date" < '2014-12-03') 
														AND ("lessons"."end_date" > '2014-12-01'))
													AND ("lessons"."start_date" == 2014-12-02
														OR "lessons"."tue" = 't')
												ORDER BY TIME("lessons"."starts_at")[0m
  [1m[35mLesson Load (0.3ms)[0m  SELECT * FROM "lessons"  
												WHERE ("lessons"."g6_8" = 't' 
														AND ("lessons"."start_date" < '2014-12-04') 
														AND ("lessons"."end_date" > '2014-12-02'))
													AND ("lessons"."start_date" == 2014-12-03
														OR "lessons"."wed" = 't')
												ORDER BY TIME("lessons"."starts_at")
  [1m[36mCACHE (0.0ms)[0m  [1mSELECT "classrooms".* FROM "classrooms"  WHERE "classrooms"."name" = 'Test A '[0m
  [1m[35mCACHE (0.0ms)[0m  SELECT "classrooms".* FROM "classrooms"  WHERE "classrooms"."name" = 'Test A '
  [1m[36mLesson Load (0.2ms)[0m  [1mSELECT * FROM "lessons"  
												WHERE ("lessons"."g6_8" = 't' 
														AND ("lessons"."start_date" < '2014-12-05') 
														AND ("lessons"."end_date" > '2014-12-03'))
													AND ("lessons"."start_date" == 2014-12-04
														OR "lessons"."thu" = 't')
												ORDER BY TIME("lessons"."starts_at")[0m
  [1m[35mLesson Load (0.2ms)[0m  SELECT * FROM "lessons"  
												WHERE ("lessons"."g6_8" = 't' 
														AND ("lessons"."start_date" < '2014-12-06') 
														AND ("lessons"."end_date" > '2014-12-04'))
													AND ("lessons"."start_date" == 2014-12-05
														OR "lessons"."fri" = 't')
												ORDER BY TIME("lessons"."starts_at")
  [1m[36mCACHE (0.0ms)[0m  [1mSELECT "classrooms".* FROM "classrooms"  WHERE "classrooms"."name" = 'Test A '[0m
  [1m[35mLesson Load (0.2ms)[0m  SELECT "lessons".* FROM "lessons"  WHERE "lessons"."g6_8" = 't' AND ("lessons"."start_date" < '2014-12-07') AND ("lessons"."end_date" > '2014-12-05') AND ("lessons"."start_date" BETWEEN '2014-12-06 05:00:00.000000' AND '2014-12-07 04:59:59.999999')  ORDER BY "lessons"."starts_at" ASC
  Rendered lessons/_tri_cal.html.erb (222.3ms)
  Rendered lessons/index.html.erb within layouts/application (261.4ms)
Completed 200 OK in 601ms (Views: 593.6ms | ActiveRecord: 6.6ms)


Started GET "/assets/jquery_ujs.js?body=1" for 127.0.0.1 at 2014-12-01 23:08:41 -0500


Started GET "/assets/jquery.js?body=1" for 127.0.0.1 at 2014-12-01 23:08:41 -0500


Started GET "/assets/turbolinks.js?body=1" for 127.0.0.1 at 2014-12-01 23:08:41 -0500


Started GET "/assets/lessons.js?body=1" for 127.0.0.1 at 2014-12-01 23:08:41 -0500


Started GET "/assets/classrooms.js?body=1" for 127.0.0.1 at 2014-12-01 23:08:41 -0500


Started GET "/assets/scaffolds.css?body=1" for 127.0.0.1 at 2014-12-01 23:08:41 -0500


Started GET "/assets/classrooms.css?body=1" for 127.0.0.1 at 2014-12-01 23:08:41 -0500


Started GET "/assets/lessons.css?body=1" for 127.0.0.1 at 2014-12-01 23:08:41 -0500


Started GET "/assets/application.js?body=1" for 127.0.0.1 at 2014-12-01 23:08:41 -0500


Started GET "/assets/application.css?body=1" for 127.0.0.1 at 2014-12-01 23:08:41 -0500


Started GET "/assets/lessonBlockBackground.png" for 127.0.0.1 at 2014-12-01 23:08:41 -0500


Started GET "/assets/application.css?body=1" for 127.0.0.1 at 2014-12-01 23:09:03 -0500


Started GET "/assets/lessons.css?body=1" for 127.0.0.1 at 2014-12-01 23:09:03 -0500


Started GET "/assets/classrooms.css?body=1" for 127.0.0.1 at 2014-12-01 23:09:03 -0500


Started GET "/assets/scaffolds.css?body=1" for 127.0.0.1 at 2014-12-01 23:09:03 -0500
